<?xml version="1.0" encoding="UTF-8"?>
<testsuite name="AppTest" tests="3" skipped="0" failures="0" errors="0" timestamp="2016-02-27T00:37:35" hostname="epicodus-55.local" time="0.572">
  <properties/>
  <testcase name="stylistIsDeletedTest" classname="AppTest" time="0.432"/>
  <testcase name="stylistIsCreatedTest" classname="AppTest" time="0.057"/>
  <testcase name="clientIsCreatedTest" classname="AppTest" time="0.075"/>
  <system-out><![CDATA[]]></system-out>
  <system-err><![CDATA[[Thread-4] INFO spark.webserver.SparkServer - == Spark has ignited ...
[Thread-4] INFO spark.webserver.SparkServer - >> Listening on 0.0.0.0:4567
[Thread-4] INFO org.eclipse.jetty.server.Server - jetty-9.0.2.v20130417
[Thread-4] INFO org.eclipse.jetty.server.ServerConnector - Started ServerConnector@7fbf3b72{HTTP/1.1}{0.0.0.0:4567}
[Test worker] INFO spark.webserver.SparkServer - >>> Spark shutting down ...
[Test worker] INFO org.eclipse.jetty.server.Server - Graceful shutdown org.eclipse.jetty.server.Server@3fb64f2d by 
[Test worker] INFO org.eclipse.jetty.server.ServerConnector - Stopped ServerConnector@7fbf3b72{HTTP/1.1}{0.0.0.0:4567}
[Test worker] INFO spark.webserver.SparkServer - done
]]></system-err>
</testsuite>
