<?xml version="1.0" encoding="UTF-8"?>
<testsuite name="StylistTest" tests="5" skipped="0" failures="0" errors="0" timestamp="2016-02-27T00:37:35" hostname="epicodus-55.local" time="0.062">
  <properties/>
  <testcase name="find_findStylistInDatabase_true" classname="StylistTest" time="0.013"/>
  <testcase name="save_savesIntoDatabase_true" classname="StylistTest" time="0.013"/>
  <testcase name="all_emptyInitially" classname="StylistTest" time="0.008"/>
  <testcase name="getClients_RetrievesAllClientsFromDatabase_clients" classname="StylistTest" time="0.023"/>
  <testcase name="equals_returnTrueIfStylistsAreEqual" classname="StylistTest" time="0.005"/>
  <system-out><![CDATA[80
80
80
80
80
80
]]></system-out>
  <system-err><![CDATA[]]></system-err>
</testsuite>
