<?xml version="1.0" encoding="UTF-8"?>
<testsuite name="ClientTest" tests="8" skipped="0" failures="0" errors="0" timestamp="2016-02-27T00:37:35" hostname="epicodus-55.local" time="0.105">
  <properties/>
  <testcase name="find_findsClientInDatabase_true" classname="ClientTest" time="0.018"/>
  <testcase name="save_savesStylistIdIntoDB_true" classname="ClientTest" time="0.019"/>
  <testcase name="save_assignsIdToClientObject" classname="ClientTest" time="0.015"/>
  <testcase name="find_findsAnotherClientInDatabase_true" classname="ClientTest" time="0.014"/>
  <testcase name="save_returnsTrueIfClientExists_true" classname="ClientTest" time="0.014"/>
  <testcase name="all_savesIntoDatabase_true" classname="ClientTest" time="0.012"/>
  <testcase name="all_emptyInitially" classname="ClientTest" time="0.008"/>
  <testcase name="equals_returnTrueIfClientsAreEqual" classname="ClientTest" time="0.005"/>
  <system-out><![CDATA[3
3
1
1
1
1
]]></system-out>
  <system-err><![CDATA[]]></system-err>
</testsuite>
