<?xml version="1.0" encoding="UTF-8"?>
<testsuite name="StylistTest" tests="5" skipped="0" failures="0" errors="0" timestamp="2016-02-26T22:26:58" hostname="epicodus-55.local" time="0.262">
  <properties/>
  <testcase name="find_findStylistInDatabase_true" classname="StylistTest" time="0.015"/>
  <testcase name="save_savesIntoDatabase_true" classname="StylistTest" time="0.017"/>
  <testcase name="all_emptyInitially" classname="StylistTest" time="0.011"/>
  <testcase name="getClients_RetrievesAllClientsFromDatabase_clients" classname="StylistTest" time="0.213"/>
  <testcase name="equals_returnTrueIfStylistsAreEqual" classname="StylistTest" time="0.004"/>
  <system-out><![CDATA[68
68
68
68
68
68
]]></system-out>
  <system-err><![CDATA[]]></system-err>
</testsuite>
